0 info it worked if it ends with ok
1 verbose cli [ '/usr/local/bin/node',
1 verbose cli   '/usr/local/bin/npm',
1 verbose cli   'run',
1 verbose cli   'ionic:build',
1 verbose cli   '--' ]
2 info using npm@2.15.9
3 info using node@v4.5.0
4 verbose run-script [ 'preionic:build', 'ionic:build', 'postionic:build' ]
5 info preionic:build ionic-hello-world@
6 info ionic:build ionic-hello-world@
7 verbose unsafe-perm in lifecycle true
8 info ionic-hello-world@ Failed to exec ionic:build script
9 verbose stack Error: ionic-hello-world@ ionic:build: `ionic-app-scripts build`
9 verbose stack spawn ENOENT
9 verbose stack     at ChildProcess.<anonymous> (/usr/local/lib/node_modules/npm/lib/utils/spawn.js:17:16)
9 verbose stack     at emitTwo (events.js:87:13)
9 verbose stack     at ChildProcess.emit (events.js:172:7)
9 verbose stack     at maybeClose (internal/child_process.js:829:16)
9 verbose stack     at Process.ChildProcess._handle.onexit (internal/child_process.js:211:5)
10 verbose pkgid ionic-hello-world@
11 verbose cwd /Users/merz/Documents/fingerprint-aio-demo
12 error Darwin 15.6.0
13 error argv "/usr/local/bin/node" "/usr/local/bin/npm" "run" "ionic:build" "--"
14 error node v4.5.0
15 error npm  v2.15.9
16 error file sh
17 error code ELIFECYCLE
18 error errno ENOENT
19 error syscall spawn
20 error ionic-hello-world@ ionic:build: `ionic-app-scripts build`
20 error spawn ENOENT
21 error Failed at the ionic-hello-world@ ionic:build script 'ionic-app-scripts build'.
21 error This is most likely a problem with the ionic-hello-world package,
21 error not with npm itself.
21 error Tell the author that this fails on your system:
21 error     ionic-app-scripts build
21 error You can get information on how to open an issue for this project with:
21 error     npm bugs ionic-hello-world
21 error Or if that isn't available, you can get their info via:
21 error
21 error     npm owner ls ionic-hello-world
21 error There is likely additional logging output above.
22 verbose exit [ 1, true ]
